<?xml version="1.0" encoding="UTF-8"?>
<testng-results skipped="0" failed="1" ignored="0" total="1" passed="0">
  <reporter-output>
    <line>
      <![CDATA[<h2><font color='DarkBlue'>Tests: null | Device:[null] </font>Description:[User can send Invite after a recording]</h2> - test started at: [2022-02-28 17:08:23.112]]]>
    </line>
    <line>
      <![CDATA[<ol type='1'>]]>
    </line>
    <line>
      <![CDATA[<li><b><font color='red'> [2022-02-28 17:10:23.251] </font><big>Check alert box</big>...<font color='red'>FAILED!</font></b><div class="content"><img height="400" src="screenshot/tests.Alert.test1(Alert.java:26)Check alert box/2022-02-28 17:10:23.251.png"/></div></li>]]>
    </line>
  </reporter-output>
  <suite name="rondo-android" duration-ms="132304" started-at="2022-02-28T15:08:22Z" finished-at="2022-02-28T15:10:35Z">
    <groups>
      <group name="demo">
        <method signature="Alert.test1(java.lang.String, java.lang.String, java.lang.String)[pri:0, instance:tests.Alert@6a49a555]" name="test1" class="tests.Alert"/>
      </group> <!-- demo -->
    </groups>
    <test name="Alert" duration-ms="132304" started-at="2022-02-28T15:08:22Z" finished-at="2022-02-28T15:10:35Z">
      <class name="tests.Alert">
        <test-method status="PASS" signature="beforeAll(java.lang.String, java.lang.String, java.lang.String)[pri:0, instance:tests.Alert@6a49a555]" name="beforeAll" is-config="true" duration-ms="16407" started-at="2022-02-28T15:08:06Z" finished-at="2022-02-28T15:08:22Z">
          <params>
            <param index="0">
              <value>
                <![CDATA[753d52c2]]>
              </value>
            </param>
            <param index="1">
              <value>
                <![CDATA[4555]]>
              </value>
            </param>
            <param index="2">
              <value>
                <![CDATA[mi11lite]]>
              </value>
            </param>
          </params>
          <reporter-output>
          </reporter-output>
        </test-method> <!-- beforeAll -->
        <test-method status="PASS" signature="initTestContext(java.lang.String, java.lang.reflect.Method)[pri:0, instance:tests.Alert@6a49a555]" name="initTestContext" is-config="true" duration-ms="1" started-at="2022-02-28T15:08:22Z" finished-at="2022-02-28T15:08:22Z">
          <params>
            <param index="0">
              <value>
                <![CDATA[mi11lite]]>
              </value>
            </param>
            <param index="1">
              <value>
                <![CDATA[public void tests.Alert.test1(java.lang.String,java.lang.String,java.lang.String) throws java.lang.Exception]]>
              </value>
            </param>
          </params>
          <reporter-output>
          </reporter-output>
        </test-method> <!-- initTestContext -->
        <test-method status="FAIL" signature="test1(java.lang.String, java.lang.String, java.lang.String)[pri:0, instance:tests.Alert@6a49a555]" name="test1" duration-ms="122069" started-at="2022-02-28T15:08:22Z" finished-at="2022-02-28T15:10:25Z">
          <params>
            <param index="0">
              <value>
                <![CDATA[753d52c2]]>
              </value>
            </param>
            <param index="1">
              <value>
                <![CDATA[4555]]>
              </value>
            </param>
            <param index="2">
              <value>
                <![CDATA[mi11lite]]>
              </value>
            </param>
          </params>
          <exception class="org.openqa.selenium.NoSuchElementException">
            <message>
              <![CDATA[Can't locate an element by this strategy: By.chained({By.AccessibilityId: android:id/alertTitle})]]>
            </message>
            <full-stacktrace>
              <![CDATA[org.openqa.selenium.NoSuchElementException: Can't locate an element by this strategy: By.chained({By.AccessibilityId: android:id/alertTitle})
at io.appium.java_client.pagefactory.AppiumElementLocator.findElement(AppiumElementLocator.java:126)
at io.appium.java_client.pagefactory.interceptors.InterceptorOfASingleElement.intercept(InterceptorOfASingleElement.java:59)
at io.appium.java_client.android.AndroidElement$$EnhancerByCGLIB$$b598166c.getText(<generated>)
at api.app.rondo.alert.Alert.verifyAlertOnStart(Alert.java:36)
at tests.Alert.test1(Alert.java:21)
at sun.reflect.NativeMethodAccessorImpl.invoke0(Native Method)
at sun.reflect.NativeMethodAccessorImpl.invoke(NativeMethodAccessorImpl.java:62)
at sun.reflect.DelegatingMethodAccessorImpl.invoke(DelegatingMethodAccessorImpl.java:43)
at java.lang.reflect.Method.invoke(Method.java:498)
at org.testng.internal.MethodInvocationHelper.invokeMethod(MethodInvocationHelper.java:124)
at org.testng.internal.Invoker.invokeMethod(Invoker.java:583)
at org.testng.internal.Invoker.invokeTestMethod(Invoker.java:719)
at org.testng.internal.Invoker.invokeTestMethods(Invoker.java:989)
at org.testng.internal.TestMethodWorker.invokeTestMethods(TestMethodWorker.java:125)
at org.testng.internal.TestMethodWorker.run(TestMethodWorker.java:109)
at org.testng.TestRunner.privateRun(TestRunner.java:648)
at org.testng.TestRunner.run(TestRunner.java:505)
at org.testng.SuiteRunner.runTest(SuiteRunner.java:455)
at org.testng.SuiteRunner.access$000(SuiteRunner.java:40)
at org.testng.SuiteRunner$SuiteWorker.run(SuiteRunner.java:489)
at org.testng.internal.thread.ThreadUtil$1.call(ThreadUtil.java:52)
at java.util.concurrent.FutureTask.run(FutureTask.java:266)
at java.util.concurrent.ThreadPoolExecutor.runWorker(ThreadPoolExecutor.java:1149)
at java.util.concurrent.ThreadPoolExecutor$Worker.run(ThreadPoolExecutor.java:624)
at java.lang.Thread.run(Thread.java:748)
Caused by: org.openqa.selenium.TimeoutException: Expected condition failed: waiting for io.appium.java_client.pagefactory.AppiumElementLocator$WaitingFunction@43aa1695 (tried for 1 second(s) with 500 milliseconds interval)
at org.openqa.selenium.support.ui.FluentWait.timeoutException(FluentWait.java:304)
at org.openqa.selenium.support.ui.FluentWait.until(FluentWait.java:272)
at io.appium.java_client.pagefactory.AppiumElementLocator.waitFor(AppiumElementLocator.java:99)
at io.appium.java_client.pagefactory.AppiumElementLocator.findElement(AppiumElementLocator.java:119)
... 24 more
Caused by: org.openqa.selenium.NoSuchElementException: Cannot locate an element using By.chained({By.AccessibilityId: android:id/alertTitle})
For documentation on this error, please visit: https://www.seleniumhq.org/exceptions/no_such_element.html
Build info: version: '3.141.59', revision: 'e82be7d358', time: '2018-11-14T08:17:03'
System info: host: 'Linas-MacBook-Pro.local', ip: 'fe80:0:0:0:c60:969e:1c1:5f2c%en0', os.name: 'Mac OS X', os.arch: 'x86_64', os.version: '10.15.4', java.version: '1.8.0_232'
Driver info: driver.version: AndroidDriver
at io.appium.java_client.pagefactory.bys.builder.ByChained.findElement(ByChained.java:74)
at org.openqa.selenium.remote.RemoteWebDriver.findElement(RemoteWebDriver.java:315)
at io.appium.java_client.DefaultGenericMobileDriver.findElement(DefaultGenericMobileDriver.java:57)
at io.appium.java_client.AppiumDriver.findElement(AppiumDriver.java:1)
at io.appium.java_client.android.AndroidDriver.findElement(AndroidDriver.java:1)
at io.appium.java_client.pagefactory.bys.ContentMappedBy.findElement(ContentMappedBy.java:50)
at org.openqa.selenium.remote.RemoteWebDriver.findElement(RemoteWebDriver.java:315)
at io.appium.java_client.DefaultGenericMobileDriver.findElement(DefaultGenericMobileDriver.java:57)
at io.appium.java_client.AppiumDriver.findElement(AppiumDriver.java:1)
at io.appium.java_client.android.AndroidDriver.findElement(AndroidDriver.java:1)
at io.appium.java_client.pagefactory.AppiumElementLocator.lambda$0(AppiumElementLocator.java:120)
at io.appium.java_client.pagefactory.AppiumElementLocator$WaitingFunction.apply(AppiumElementLocator.java:172)
at io.appium.java_client.pagefactory.AppiumElementLocator$WaitingFunction.apply(AppiumElementLocator.java:1)
at org.openqa.selenium.support.ui.FluentWait.until(FluentWait.java:249)
... 26 more
]]>
            </full-stacktrace>
          </exception> <!-- org.openqa.selenium.NoSuchElementException -->
          <reporter-output>
            <line>
              <![CDATA[<h2><font color='DarkBlue'>Tests: null | Device:[null] </font>Description:[User can send Invite after a recording]</h2> - test started at: [2022-02-28 17:08:23.112]]]>
            </line>
            <line>
              <![CDATA[<ol type='1'>]]>
            </line>
            <line>
              <![CDATA[<li><b><font color='red'> [2022-02-28 17:10:23.251] </font><big>Check alert box</big>...<font color='red'>FAILED!</font></b><div class="content"><img height="400" src="screenshot/tests.Alert.test1(Alert.java:26)Check alert box/2022-02-28 17:10:23.251.png"/></div></li>]]>
            </line>
          </reporter-output>
        </test-method> <!-- test1 -->
        <test-method status="PASS" signature="printException(org.testng.ITestResult)[pri:0, instance:tests.Alert@6a49a555]" name="printException" is-config="true" duration-ms="2" started-at="2022-02-28T15:10:25Z" finished-at="2022-02-28T15:10:25Z">
          <params>
            <param index="0">
              <value>
                <![CDATA[[TestResult name=test1 status=FAILURE method=Alert.test1(java.lang.String, java.lang.String, java.lang.String)[pri:0, instance:tests.Alert@6a49a555] output=<h2><font color='DarkBlue'>Tests: null | Device:[null] </font>Description:[User can send Invite after a recording]</h2> - test started at: [2022-02-28 17:08:23.112]]]]>
              </value>
            </param>
          </params>
          <reporter-output>
          </reporter-output>
        </test-method> <!-- printException -->
        <test-method status="PASS" signature="afterAll()[pri:0, instance:tests.Alert@6a49a555]" name="afterAll" is-config="true" duration-ms="10221" started-at="2022-02-28T15:10:25Z" finished-at="2022-02-28T15:10:35Z">
          <reporter-output>
          </reporter-output>
        </test-method> <!-- afterAll -->
      </class> <!-- tests.Alert -->
    </test> <!-- Alert -->
  </suite> <!-- rondo-android -->
</testng-results>
